This file contains any messages produced by compilers while
running configure, to aid debugging if configure makes a mistake.

It was created by modsecurity configure 2.9, which was
generated by GNU Autoconf 2.69.  Invocation command line was

  $ ./configure --enable-standalone-module --disable-mlogc --enable-pcre-jit --enable-pcre-study --enable-request-early --with-yajl=/home/humphery/thirdparty/yajl/include /home/humphery/thirdparty/yajl/lib --with-apr=/home/humphery/thirdparty/apr --with-apu=/home/humphery/thirdparty/apr-util --with-pcre=/home/humphery/thirdparty/pcre-8.36

## --------- ##
## Platform. ##
## --------- ##

hostname = h5213
uname -m = x86_64
uname -r = 2.6.32-358.el6.x86_64
uname -s = Linux
uname -v = #1 SMP Fri Feb 22 00:31:26 UTC 2013

/usr/bin/uname -p = unknown
/bin/uname -X     = unknown

/bin/arch              = x86_64
/usr/bin/arch -k       = unknown
/usr/convex/getsysinfo = unknown
/usr/bin/hostinfo      = unknown
/bin/machine           = unknown
/usr/bin/oslevel       = unknown
/bin/universe          = unknown

PATH: /usr/local/apache-maven-3.1.1/bin
PATH: /usr/java/jdk1.7.0_45/bin
PATH: /usr/local/apache-maven-3.1.1/bin
PATH: /usr/lib64/qt-3.3/bin
PATH: /usr/local/sbin
PATH: /usr/local/bin
PATH: /sbin
PATH: /bin
PATH: /usr/sbin
PATH: /usr/bin
PATH: /root/bin
PATH: /usr/local/svn/bin
PATH: /root/bin
PATH: /usr/local/php/etc
PATH: /usr/local/php/bin
PATH: /home/humphery/jstorm-0.9.6.3/bin
PATH: /home/humphery/jstorm-2.1.1/bin
PATH: /home/humphery/bin


## ----------- ##
## Core tests. ##
## ----------- ##

configure:2558: checking for a BSD-compatible install
configure:2626: result: /usr/bin/install -c
configure:2637: checking whether build environment is sane
configure:2692: result: yes
configure:2843: checking for a thread-safe mkdir -p
configure:2882: result: /bin/mkdir -p
configure:2889: checking for gawk
configure:2905: found /bin/gawk
configure:2916: result: gawk
configure:2927: checking whether make sets $(MAKE)
configure:2949: result: yes
configure:2978: checking whether make supports nested variables
configure:2995: result: yes
configure:3132: checking for style of include used by make
configure:3160: result: GNU
configure:3231: checking for gcc
configure:3247: found /usr/bin/gcc
configure:3258: result: gcc
configure:3487: checking for C compiler version
configure:3496: gcc --version >&5
gcc (GCC) 4.4.7 20120313 (Red Hat 4.4.7-16)
Copyright (C) 2010 Free Software Foundation, Inc.
This is free software; see the source for copying conditions.  There is NO
warranty; not even for MERCHANTABILITY or FITNESS FOR A PARTICULAR PURPOSE.

configure:3507: $? = 0
configure:3496: gcc -v >&5
Using built-in specs.
Target: x86_64-redhat-linux
Configured with: ../configure --prefix=/usr --mandir=/usr/share/man --infodir=/usr/share/info --with-bugurl=http://bugzilla.redhat.com/bugzilla --enable-bootstrap --enable-shared --enable-threads=posix --enable-checking=release --with-system-zlib --enable-__cxa_atexit --disable-libunwind-exceptions --enable-gnu-unique-object --enable-languages=c,c++,objc,obj-c++,java,fortran,ada --enable-java-awt=gtk --disable-dssi --with-java-home=/usr/lib/jvm/java-1.5.0-gcj-1.5.0.0/jre --enable-libgcj-multifile --enable-java-maintainer-mode --with-ecj-jar=/usr/share/java/eclipse-ecj.jar --disable-libjava-multilib --with-ppl --with-cloog --with-tune=generic --with-arch_32=i686 --build=x86_64-redhat-linux
Thread model: posix
gcc version 4.4.7 20120313 (Red Hat 4.4.7-16) (GCC) 
configure:3507: $? = 0
configure:3496: gcc -V >&5
gcc: '-V' option must have argument
configure:3507: $? = 1
configure:3496: gcc -qversion >&5
gcc: unrecognized option '-qversion'
gcc: no input files
configure:3507: $? = 1
configure:3527: checking whether the C compiler works
configure:3549: gcc    conftest.c  >&5
configure:3553: $? = 0
configure:3601: result: yes
configure:3604: checking for C compiler default output file name
configure:3606: result: a.out
configure:3612: checking for suffix of executables
configure:3619: gcc -o conftest    conftest.c  >&5
configure:3623: $? = 0
configure:3645: result: 
configure:3667: checking whether we are cross compiling
configure:3675: gcc -o conftest    conftest.c  >&5
configure:3679: $? = 0
configure:3686: ./conftest
configure:3690: $? = 0
configure:3705: result: no
configure:3710: checking for suffix of object files
configure:3732: gcc -c   conftest.c >&5
configure:3736: $? = 0
configure:3757: result: o
configure:3761: checking whether we are using the GNU C compiler
configure:3780: gcc -c   conftest.c >&5
configure:3780: $? = 0
configure:3789: result: yes
configure:3798: checking whether gcc accepts -g
configure:3818: gcc -c -g  conftest.c >&5
configure:3818: $? = 0
configure:3859: result: yes
configure:3876: checking for gcc option to accept ISO C89
configure:3939: gcc  -c -g -O2  conftest.c >&5
configure:3939: $? = 0
configure:3952: result: none needed
configure:3977: checking whether gcc understands -c and -o together
configure:3999: gcc -c conftest.c -o conftest2.o
configure:4002: $? = 0
configure:3999: gcc -c conftest.c -o conftest2.o
configure:4002: $? = 0
configure:4014: result: yes
configure:4033: checking dependency style of gcc
configure:4144: result: gcc3
configure:4209: checking for ar
configure:4225: found /usr/bin/ar
configure:4236: result: ar
configure:4262: checking the archiver (ar) interface
configure:4278: gcc -c -g -O2  conftest.c >&5
configure:4278: $? = 0
configure:4280: ar cru libconftest.a conftest.o >&5
configure:4283: $? = 0
configure:4311: result: ar
configure:4362: checking build system type
configure:4376: result: x86_64-unknown-linux-gnu
configure:4396: checking host system type
configure:4409: result: x86_64-unknown-linux-gnu
configure:4450: checking how to print strings
configure:4477: result: printf
configure:4498: checking for a sed that does not truncate output
configure:4562: result: /bin/sed
configure:4580: checking for grep that handles long lines and -e
configure:4638: result: /bin/grep
configure:4643: checking for egrep
configure:4705: result: /bin/grep -E
configure:4710: checking for fgrep
configure:4772: result: /bin/grep -F
configure:4807: checking for ld used by gcc
configure:4874: result: /usr/bin/ld
configure:4881: checking if the linker (/usr/bin/ld) is GNU ld
configure:4896: result: yes
configure:4908: checking for BSD- or MS-compatible name lister (nm)
configure:4957: result: /usr/bin/nm -B
configure:5087: checking the name lister (/usr/bin/nm -B) interface
configure:5094: gcc -c -g -O2  conftest.c >&5
configure:5097: /usr/bin/nm -B "conftest.o"
configure:5100: output
0000000000000000 B some_variable
configure:5107: result: BSD nm
configure:5110: checking whether ln -s works
configure:5114: result: yes
configure:5122: checking the maximum length of command line arguments
configure:5253: result: 1966080
configure:5270: checking whether the shell understands some XSI constructs
configure:5280: result: yes
configure:5284: checking whether the shell understands "+="
configure:5290: result: yes
configure:5325: checking how to convert x86_64-unknown-linux-gnu file names to x86_64-unknown-linux-gnu format
configure:5365: result: func_convert_file_noop
configure:5372: checking how to convert x86_64-unknown-linux-gnu file names to toolchain format
configure:5392: result: func_convert_file_noop
configure:5399: checking for /usr/bin/ld option to reload object files
configure:5406: result: -r
configure:5480: checking for objdump
configure:5496: found /usr/bin/objdump
configure:5507: result: objdump
configure:5539: checking how to recognize dependent libraries
configure:5737: result: pass_all
configure:5822: checking for dlltool
configure:5852: result: no
configure:5882: checking how to associate runtime and link libraries
configure:5909: result: printf %s\n
configure:6033: checking for archiver @FILE support
configure:6050: gcc -c -g -O2  conftest.c >&5
configure:6050: $? = 0
configure:6053: ar cru libconftest.a @conftest.lst >&5
configure:6056: $? = 0
configure:6061: ar cru libconftest.a @conftest.lst >&5
ar: conftest.o: No such file or directory
configure:6064: $? = 1
configure:6076: result: @
configure:6134: checking for strip
configure:6150: found /usr/bin/strip
configure:6161: result: strip
configure:6233: checking for ranlib
configure:6249: found /usr/bin/ranlib
configure:6260: result: ranlib
configure:6362: checking command to parse /usr/bin/nm -B output from gcc object
configure:6482: gcc -c -g -O2  conftest.c >&5
configure:6485: $? = 0
configure:6489: /usr/bin/nm -B conftest.o \| sed -n -e 's/^.*[ ]\([ABCDGIRSTW][ABCDGIRSTW]*\)[ ][ ]*\([_A-Za-z][_A-Za-z0-9]*\)$/\1 \2 \2/p' | sed '/ __gnu_lto/d' \> conftest.nm
configure:6492: $? = 0
configure:6558: gcc -o conftest -g -O2   conftest.c conftstm.o >&5
configure:6561: $? = 0
configure:6599: result: ok
configure:6636: checking for sysroot
configure:6666: result: no
configure:6743: gcc -c -g -O2  conftest.c >&5
configure:6746: $? = 0
configure:6935: checking for mt
configure:6965: result: no
configure:6985: checking if : is a manifest tool
configure:6991: : '-?'
configure:6999: result: no
configure:7641: checking how to run the C preprocessor
configure:7672: gcc -E  conftest.c
configure:7672: $? = 0
configure:7686: gcc -E  conftest.c
conftest.c:11:28: error: ac_nonexistent.h: No such file or directory
configure:7686: $? = 1
configure: failed program was:
| /* confdefs.h */
| #define PACKAGE_NAME "modsecurity"
| #define PACKAGE_TARNAME "modsecurity"
| #define PACKAGE_VERSION "2.9"
| #define PACKAGE_STRING "modsecurity 2.9"
| #define PACKAGE_BUGREPORT "support@modsecurity.org"
| #define PACKAGE_URL ""
| #define PACKAGE "modsecurity"
| #define VERSION "2.9"
| /* end confdefs.h.  */
| #include <ac_nonexistent.h>
configure:7711: result: gcc -E
configure:7731: gcc -E  conftest.c
configure:7731: $? = 0
configure:7745: gcc -E  conftest.c
conftest.c:11:28: error: ac_nonexistent.h: No such file or directory
configure:7745: $? = 1
configure: failed program was:
| /* confdefs.h */
| #define PACKAGE_NAME "modsecurity"
| #define PACKAGE_TARNAME "modsecurity"
| #define PACKAGE_VERSION "2.9"
| #define PACKAGE_STRING "modsecurity 2.9"
| #define PACKAGE_BUGREPORT "support@modsecurity.org"
| #define PACKAGE_URL ""
| #define PACKAGE "modsecurity"
| #define VERSION "2.9"
| /* end confdefs.h.  */
| #include <ac_nonexistent.h>
configure:7774: checking for ANSI C header files
configure:7794: gcc -c -g -O2  conftest.c >&5
configure:7794: $? = 0
configure:7867: gcc -o conftest -g -O2   conftest.c  >&5
configure:7867: $? = 0
configure:7867: ./conftest
configure:7867: $? = 0
configure:7878: result: yes
configure:7891: checking for sys/types.h
configure:7891: gcc -c -g -O2  conftest.c >&5
configure:7891: $? = 0
configure:7891: result: yes
configure:7891: checking for sys/stat.h
configure:7891: gcc -c -g -O2  conftest.c >&5
configure:7891: $? = 0
configure:7891: result: yes
configure:7891: checking for stdlib.h
configure:7891: gcc -c -g -O2  conftest.c >&5
configure:7891: $? = 0
configure:7891: result: yes
configure:7891: checking for string.h
configure:7891: gcc -c -g -O2  conftest.c >&5
configure:7891: $? = 0
configure:7891: result: yes
configure:7891: checking for memory.h
configure:7891: gcc -c -g -O2  conftest.c >&5
configure:7891: $? = 0
configure:7891: result: yes
configure:7891: checking for strings.h
configure:7891: gcc -c -g -O2  conftest.c >&5
configure:7891: $? = 0
configure:7891: result: yes
configure:7891: checking for inttypes.h
configure:7891: gcc -c -g -O2  conftest.c >&5
configure:7891: $? = 0
configure:7891: result: yes
configure:7891: checking for stdint.h
configure:7891: gcc -c -g -O2  conftest.c >&5
configure:7891: $? = 0
configure:7891: result: yes
configure:7891: checking for unistd.h
configure:7891: gcc -c -g -O2  conftest.c >&5
configure:7891: $? = 0
configure:7891: result: yes
configure:7905: checking for dlfcn.h
configure:7905: gcc -c -g -O2  conftest.c >&5
configure:7905: $? = 0
configure:7905: result: yes
configure:8110: checking for objdir
configure:8125: result: .libs
configure:8396: checking if gcc supports -fno-rtti -fno-exceptions
configure:8414: gcc -c -g -O2  -fno-rtti -fno-exceptions conftest.c >&5
cc1: warning: command line option "-fno-rtti" is valid for C++/ObjC++ but not for C
configure:8418: $? = 0
configure:8431: result: no
configure:8758: checking for gcc option to produce PIC
configure:8765: result: -fPIC -DPIC
configure:8773: checking if gcc PIC flag -fPIC -DPIC works
configure:8791: gcc -c -g -O2  -fPIC -DPIC -DPIC conftest.c >&5
configure:8795: $? = 0
configure:8808: result: yes
configure:8837: checking if gcc static flag -static works
configure:8865: result: no
configure:8880: checking if gcc supports -c -o file.o
configure:8901: gcc -c -g -O2  -o out/conftest2.o conftest.c >&5
configure:8905: $? = 0
configure:8927: result: yes
configure:8935: checking if gcc supports -c -o file.o
configure:8982: result: yes
configure:9015: checking whether the gcc linker (/usr/bin/ld -m elf_x86_64) supports shared libraries
configure:10172: result: yes
configure:10209: checking whether -lc should be explicitly linked in
configure:10217: gcc -c -g -O2  conftest.c >&5
configure:10220: $? = 0
configure:10235: gcc -shared  -fPIC -DPIC conftest.o  -v -Wl,-soname -Wl,conftest -o conftest 2\>\&1 \| /bin/grep  -lc  \>/dev/null 2\>\&1
configure:10238: $? = 0
configure:10252: result: no
configure:10412: checking dynamic linker characteristics
configure:10912: gcc -o conftest -g -O2   -Wl,-rpath -Wl,/foo conftest.c  >&5
configure:10912: $? = 0
configure:11146: result: GNU/Linux ld.so
configure:11253: checking how to hardcode library paths into programs
configure:11278: result: immediate
configure:11372: checking for shl_load
configure:11372: gcc -o conftest -g -O2   conftest.c  >&5
/tmp/ccPpu6pw.o: In function `main':
/home/humphery/mqtt-broker/modules/modsecurity-2.9.1/conftest.c:57: undefined reference to `shl_load'
collect2: ld returned 1 exit status
configure:11372: $? = 1
configure: failed program was:
| /* confdefs.h */
| #define PACKAGE_NAME "modsecurity"
| #define PACKAGE_TARNAME "modsecurity"
| #define PACKAGE_VERSION "2.9"
| #define PACKAGE_STRING "modsecurity 2.9"
| #define PACKAGE_BUGREPORT "support@modsecurity.org"
| #define PACKAGE_URL ""
| #define PACKAGE "modsecurity"
| #define VERSION "2.9"
| #define STDC_HEADERS 1
| #define HAVE_SYS_TYPES_H 1
| #define HAVE_SYS_STAT_H 1
| #define HAVE_STDLIB_H 1
| #define HAVE_STRING_H 1
| #define HAVE_MEMORY_H 1
| #define HAVE_STRINGS_H 1
| #define HAVE_INTTYPES_H 1
| #define HAVE_STDINT_H 1
| #define HAVE_UNISTD_H 1
| #define HAVE_DLFCN_H 1
| #define LT_OBJDIR ".libs/"
| /* end confdefs.h.  */
| /* Define shl_load to an innocuous variant, in case <limits.h> declares shl_load.
|    For example, HP-UX 11i <limits.h> declares gettimeofday.  */
| #define shl_load innocuous_shl_load
| 
| /* System header to define __stub macros and hopefully few prototypes,
|     which can conflict with char shl_load (); below.
|     Prefer <limits.h> to <assert.h> if __STDC__ is defined, since
|     <limits.h> exists even on freestanding compilers.  */
| 
| #ifdef __STDC__
| # include <limits.h>
| #else
| # include <assert.h>
| #endif
| 
| #undef shl_load
| 
| /* Override any GCC internal prototype to avoid an error.
|    Use char because int might match the return type of a GCC
|    builtin and then its argument prototype would still apply.  */
| #ifdef __cplusplus
| extern "C"
| #endif
| char shl_load ();
| /* The GNU C library defines this for functions which it implements
|     to always fail with ENOSYS.  Some functions are actually named
|     something starting with __ and the normal name is an alias.  */
| #if defined __stub_shl_load || defined __stub___shl_load
| choke me
| #endif
| 
| int
| main ()
| {
| return shl_load ();
|   ;
|   return 0;
| }
configure:11372: result: no
configure:11376: checking for shl_load in -ldld
configure:11401: gcc -o conftest -g -O2   conftest.c -ldld   >&5
/usr/bin/ld: cannot find -ldld
collect2: ld returned 1 exit status
configure:11401: $? = 1
configure: failed program was:
| /* confdefs.h */
| #define PACKAGE_NAME "modsecurity"
| #define PACKAGE_TARNAME "modsecurity"
| #define PACKAGE_VERSION "2.9"
| #define PACKAGE_STRING "modsecurity 2.9"
| #define PACKAGE_BUGREPORT "support@modsecurity.org"
| #define PACKAGE_URL ""
| #define PACKAGE "modsecurity"
| #define VERSION "2.9"
| #define STDC_HEADERS 1
| #define HAVE_SYS_TYPES_H 1
| #define HAVE_SYS_STAT_H 1
| #define HAVE_STDLIB_H 1
| #define HAVE_STRING_H 1
| #define HAVE_MEMORY_H 1
| #define HAVE_STRINGS_H 1
| #define HAVE_INTTYPES_H 1
| #define HAVE_STDINT_H 1
| #define HAVE_UNISTD_H 1
| #define HAVE_DLFCN_H 1
| #define LT_OBJDIR ".libs/"
| /* end confdefs.h.  */
| 
| /* Override any GCC internal prototype to avoid an error.
|    Use char because int might match the return type of a GCC
|    builtin and then its argument prototype would still apply.  */
| #ifdef __cplusplus
| extern "C"
| #endif
| char shl_load ();
| int
| main ()
| {
| return shl_load ();
|   ;
|   return 0;
| }
configure:11410: result: no
configure:11415: checking for dlopen
configure:11415: gcc -o conftest -g -O2   conftest.c  >&5
/tmp/cctCz0ND.o: In function `main':
/home/humphery/mqtt-broker/modules/modsecurity-2.9.1/conftest.c:57: undefined reference to `dlopen'
collect2: ld returned 1 exit status
configure:11415: $? = 1
configure: failed program was:
| /* confdefs.h */
| #define PACKAGE_NAME "modsecurity"
| #define PACKAGE_TARNAME "modsecurity"
| #define PACKAGE_VERSION "2.9"
| #define PACKAGE_STRING "modsecurity 2.9"
| #define PACKAGE_BUGREPORT "support@modsecurity.org"
| #define PACKAGE_URL ""
| #define PACKAGE "modsecurity"
| #define VERSION "2.9"
| #define STDC_HEADERS 1
| #define HAVE_SYS_TYPES_H 1
| #define HAVE_SYS_STAT_H 1
| #define HAVE_STDLIB_H 1
| #define HAVE_STRING_H 1
| #define HAVE_MEMORY_H 1
| #define HAVE_STRINGS_H 1
| #define HAVE_INTTYPES_H 1
| #define HAVE_STDINT_H 1
| #define HAVE_UNISTD_H 1
| #define HAVE_DLFCN_H 1
| #define LT_OBJDIR ".libs/"
| /* end confdefs.h.  */
| /* Define dlopen to an innocuous variant, in case <limits.h> declares dlopen.
|    For example, HP-UX 11i <limits.h> declares gettimeofday.  */
| #define dlopen innocuous_dlopen
| 
| /* System header to define __stub macros and hopefully few prototypes,
|     which can conflict with char dlopen (); below.
|     Prefer <limits.h> to <assert.h> if __STDC__ is defined, since
|     <limits.h> exists even on freestanding compilers.  */
| 
| #ifdef __STDC__
| # include <limits.h>
| #else
| # include <assert.h>
| #endif
| 
| #undef dlopen
| 
| /* Override any GCC internal prototype to avoid an error.
|    Use char because int might match the return type of a GCC
|    builtin and then its argument prototype would still apply.  */
| #ifdef __cplusplus
| extern "C"
| #endif
| char dlopen ();
| /* The GNU C library defines this for functions which it implements
|     to always fail with ENOSYS.  Some functions are actually named
|     something starting with __ and the normal name is an alias.  */
| #if defined __stub_dlopen || defined __stub___dlopen
| choke me
| #endif
| 
| int
| main ()
| {
| return dlopen ();
|   ;
|   return 0;
| }
configure:11415: result: no
configure:11419: checking for dlopen in -ldl
configure:11444: gcc -o conftest -g -O2   conftest.c -ldl   >&5
configure:11444: $? = 0
configure:11453: result: yes
configure:11572: checking whether a program can dlopen itself
configure:11652: gcc -o conftest -g -O2  -DHAVE_DLFCN_H  -Wl,--export-dynamic conftest.c -ldl  >&5
configure:11655: $? = 0
configure:11673: result: yes
configure:11678: checking whether a statically linked program can dlopen itself
configure:11758: gcc -o conftest -g -O2  -DHAVE_DLFCN_H  -Wl,--export-dynamic  conftest.c -ldl  >&5
configure:11761: $? = 0
configure:11779: result: yes
configure:11818: checking whether stripping libraries is possible
configure:11823: result: yes
configure:11858: checking if libtool supports shared libraries
configure:11860: result: yes
configure:11863: checking whether to build shared libraries
configure:11884: result: yes
configure:11887: checking whether to build static libraries
configure:11891: result: yes
configure:11934: checking for gawk
configure:11961: result: gawk
configure:12020: checking for gcc
configure:12047: result: gcc
configure:12276: checking for C compiler version
configure:12285: gcc --version >&5
gcc (GCC) 4.4.7 20120313 (Red Hat 4.4.7-16)
Copyright (C) 2010 Free Software Foundation, Inc.
This is free software; see the source for copying conditions.  There is NO
warranty; not even for MERCHANTABILITY or FITNESS FOR A PARTICULAR PURPOSE.

configure:12296: $? = 0
configure:12285: gcc -v >&5
Using built-in specs.
Target: x86_64-redhat-linux
Configured with: ../configure --prefix=/usr --mandir=/usr/share/man --infodir=/usr/share/info --with-bugurl=http://bugzilla.redhat.com/bugzilla --enable-bootstrap --enable-shared --enable-threads=posix --enable-checking=release --with-system-zlib --enable-__cxa_atexit --disable-libunwind-exceptions --enable-gnu-unique-object --enable-languages=c,c++,objc,obj-c++,java,fortran,ada --enable-java-awt=gtk --disable-dssi --with-java-home=/usr/lib/jvm/java-1.5.0-gcj-1.5.0.0/jre --enable-libgcj-multifile --enable-java-maintainer-mode --with-ecj-jar=/usr/share/java/eclipse-ecj.jar --disable-libjava-multilib --with-ppl --with-cloog --with-tune=generic --with-arch_32=i686 --build=x86_64-redhat-linux
Thread model: posix
gcc version 4.4.7 20120313 (Red Hat 4.4.7-16) (GCC) 
configure:12296: $? = 0
configure:12285: gcc -V >&5
gcc: '-V' option must have argument
configure:12296: $? = 1
configure:12285: gcc -qversion >&5
gcc: unrecognized option '-qversion'
gcc: no input files
configure:12296: $? = 1
configure:12300: checking whether we are using the GNU C compiler
configure:12328: result: yes
configure:12337: checking whether gcc accepts -g
configure:12398: result: yes
configure:12415: checking for gcc option to accept ISO C89
configure:12491: result: none needed
configure:12516: checking whether gcc understands -c and -o together
configure:12553: result: yes
configure:12572: checking dependency style of gcc
configure:12683: result: gcc3
configure:12703: checking how to run the C preprocessor
configure:12773: result: gcc -E
configure:12793: gcc -E  conftest.c
configure:12793: $? = 0
configure:12807: gcc -E  conftest.c
conftest.c:23:28: error: ac_nonexistent.h: No such file or directory
configure:12807: $? = 1
configure: failed program was:
| /* confdefs.h */
| #define PACKAGE_NAME "modsecurity"
| #define PACKAGE_TARNAME "modsecurity"
| #define PACKAGE_VERSION "2.9"
| #define PACKAGE_STRING "modsecurity 2.9"
| #define PACKAGE_BUGREPORT "support@modsecurity.org"
| #define PACKAGE_URL ""
| #define PACKAGE "modsecurity"
| #define VERSION "2.9"
| #define STDC_HEADERS 1
| #define HAVE_SYS_TYPES_H 1
| #define HAVE_SYS_STAT_H 1
| #define HAVE_STDLIB_H 1
| #define HAVE_STRING_H 1
| #define HAVE_MEMORY_H 1
| #define HAVE_STRINGS_H 1
| #define HAVE_INTTYPES_H 1
| #define HAVE_STDINT_H 1
| #define HAVE_UNISTD_H 1
| #define HAVE_DLFCN_H 1
| #define LT_OBJDIR ".libs/"
| /* end confdefs.h.  */
| #include <ac_nonexistent.h>
configure:12836: checking whether ln -s works
configure:12840: result: yes
configure:12847: checking whether make sets $(MAKE)
configure:12869: result: yes
configure:12878: checking for grep that handles long lines and -e
configure:12936: result: /bin/grep
configure:12945: checking for perl
configure:12963: found /usr/bin/perl
configure:12975: result: /usr/bin/perl
configure:12990: checking for env
configure:13008: found /bin/env
configure:13020: result: /bin/env
configure:13033: checking for ANSI C header files
configure:13137: result: yes
configure:13148: checking fcntl.h usability
configure:13148: gcc -c -g -O2  conftest.c >&5
configure:13148: $? = 0
configure:13148: result: yes
configure:13148: checking fcntl.h presence
configure:13148: gcc -E  conftest.c
configure:13148: $? = 0
configure:13148: result: yes
configure:13148: checking for fcntl.h
configure:13148: result: yes
configure:13148: checking limits.h usability
configure:13148: gcc -c -g -O2  conftest.c >&5
configure:13148: $? = 0
configure:13148: result: yes
configure:13148: checking limits.h presence
configure:13148: gcc -E  conftest.c
configure:13148: $? = 0
configure:13148: result: yes
configure:13148: checking for limits.h
configure:13148: result: yes
configure:13148: checking for stdlib.h
configure:13148: result: yes
configure:13148: checking for string.h
configure:13148: result: yes
configure:13148: checking for unistd.h
configure:13148: result: yes
configure:13148: checking for sys/types.h
configure:13148: result: yes
configure:13148: checking for sys/stat.h
configure:13148: result: yes
configure:13148: checking sys/utsname.h usability
configure:13148: gcc -c -g -O2  conftest.c >&5
configure:13148: $? = 0
configure:13148: result: yes
configure:13148: checking sys/utsname.h presence
configure:13148: gcc -E  conftest.c
configure:13148: $? = 0
configure:13148: result: yes
configure:13148: checking for sys/utsname.h
configure:13148: result: yes
configure:13160: checking for an ANSI C-conforming const
configure:13226: gcc -c -g -O2  conftest.c >&5
configure:13226: $? = 0
configure:13233: result: yes
configure:13241: checking for inline
configure:13257: gcc -c -g -O2  conftest.c >&5
configure:13257: $? = 0
configure:13265: result: inline
configure:13283: checking for C/C++ restrict keyword
configure:13308: gcc -c -g -O2  conftest.c >&5
configure:13308: $? = 0
configure:13316: result: __restrict
configure:13329: checking for pid_t
configure:13329: gcc -c -g -O2  conftest.c >&5
configure:13329: $? = 0
configure:13329: gcc -c -g -O2  conftest.c >&5
conftest.c: In function 'main':
conftest.c:69: error: expected expression before ')' token
configure:13329: $? = 1
configure: failed program was:
| /* confdefs.h */
| #define PACKAGE_NAME "modsecurity"
| #define PACKAGE_TARNAME "modsecurity"
| #define PACKAGE_VERSION "2.9"
| #define PACKAGE_STRING "modsecurity 2.9"
| #define PACKAGE_BUGREPORT "support@modsecurity.org"
| #define PACKAGE_URL ""
| #define PACKAGE "modsecurity"
| #define VERSION "2.9"
| #define STDC_HEADERS 1
| #define HAVE_SYS_TYPES_H 1
| #define HAVE_SYS_STAT_H 1
| #define HAVE_STDLIB_H 1
| #define HAVE_STRING_H 1
| #define HAVE_MEMORY_H 1
| #define HAVE_STRINGS_H 1
| #define HAVE_INTTYPES_H 1
| #define HAVE_STDINT_H 1
| #define HAVE_UNISTD_H 1
| #define HAVE_DLFCN_H 1
| #define LT_OBJDIR ".libs/"
| #define STDC_HEADERS 1
| #define HAVE_FCNTL_H 1
| #define HAVE_LIMITS_H 1
| #define HAVE_STDLIB_H 1
| #define HAVE_STRING_H 1
| #define HAVE_UNISTD_H 1
| #define HAVE_SYS_TYPES_H 1
| #define HAVE_SYS_STAT_H 1
| #define HAVE_SYS_UTSNAME_H 1
| #define restrict __restrict
| /* end confdefs.h.  */
| #include <stdio.h>
| #ifdef HAVE_SYS_TYPES_H
| # include <sys/types.h>
| #endif
| #ifdef HAVE_SYS_STAT_H
| # include <sys/stat.h>
| #endif
| #ifdef STDC_HEADERS
| # include <stdlib.h>
| # include <stddef.h>
| #else
| # ifdef HAVE_STDLIB_H
| #  include <stdlib.h>
| # endif
| #endif
| #ifdef HAVE_STRING_H
| # if !defined STDC_HEADERS && defined HAVE_MEMORY_H
| #  include <memory.h>
| # endif
| # include <string.h>
| #endif
| #ifdef HAVE_STRINGS_H
| # include <strings.h>
| #endif
| #ifdef HAVE_INTTYPES_H
| # include <inttypes.h>
| #endif
| #ifdef HAVE_STDINT_H
| # include <stdint.h>
| #endif
| #ifdef HAVE_UNISTD_H
| # include <unistd.h>
| #endif
| int
| main ()
| {
| if (sizeof ((pid_t)))
| 	    return 0;
|   ;
|   return 0;
| }
configure:13329: result: yes
configure:13340: checking for size_t
configure:13340: gcc -c -g -O2  conftest.c >&5
configure:13340: $? = 0
configure:13340: gcc -c -g -O2  conftest.c >&5
conftest.c: In function 'main':
conftest.c:69: error: expected expression before ')' token
configure:13340: $? = 1
configure: failed program was:
| /* confdefs.h */
| #define PACKAGE_NAME "modsecurity"
| #define PACKAGE_TARNAME "modsecurity"
| #define PACKAGE_VERSION "2.9"
| #define PACKAGE_STRING "modsecurity 2.9"
| #define PACKAGE_BUGREPORT "support@modsecurity.org"
| #define PACKAGE_URL ""
| #define PACKAGE "modsecurity"
| #define VERSION "2.9"
| #define STDC_HEADERS 1
| #define HAVE_SYS_TYPES_H 1
| #define HAVE_SYS_STAT_H 1
| #define HAVE_STDLIB_H 1
| #define HAVE_STRING_H 1
| #define HAVE_MEMORY_H 1
| #define HAVE_STRINGS_H 1
| #define HAVE_INTTYPES_H 1
| #define HAVE_STDINT_H 1
| #define HAVE_UNISTD_H 1
| #define HAVE_DLFCN_H 1
| #define LT_OBJDIR ".libs/"
| #define STDC_HEADERS 1
| #define HAVE_FCNTL_H 1
| #define HAVE_LIMITS_H 1
| #define HAVE_STDLIB_H 1
| #define HAVE_STRING_H 1
| #define HAVE_UNISTD_H 1
| #define HAVE_SYS_TYPES_H 1
| #define HAVE_SYS_STAT_H 1
| #define HAVE_SYS_UTSNAME_H 1
| #define restrict __restrict
| /* end confdefs.h.  */
| #include <stdio.h>
| #ifdef HAVE_SYS_TYPES_H
| # include <sys/types.h>
| #endif
| #ifdef HAVE_SYS_STAT_H
| # include <sys/stat.h>
| #endif
| #ifdef STDC_HEADERS
| # include <stdlib.h>
| # include <stddef.h>
| #else
| # ifdef HAVE_STDLIB_H
| #  include <stdlib.h>
| # endif
| #endif
| #ifdef HAVE_STRING_H
| # if !defined STDC_HEADERS && defined HAVE_MEMORY_H
| #  include <memory.h>
| # endif
| # include <string.h>
| #endif
| #ifdef HAVE_STRINGS_H
| # include <strings.h>
| #endif
| #ifdef HAVE_INTTYPES_H
| # include <inttypes.h>
| #endif
| #ifdef HAVE_STDINT_H
| # include <stdint.h>
| #endif
| #ifdef HAVE_UNISTD_H
| # include <unistd.h>
| #endif
| int
| main ()
| {
| if (sizeof ((size_t)))
| 	    return 0;
|   ;
|   return 0;
| }
configure:13340: result: yes
configure:13351: checking whether struct tm is in sys/time.h or time.h
configure:13371: gcc -c -g -O2  conftest.c >&5
configure:13371: $? = 0
configure:13378: result: time.h
configure:13386: checking for uint8_t
configure:13386: gcc -c -g -O2  conftest.c >&5
configure:13386: $? = 0
configure:13386: result: yes
configure:13404: checking for stdlib.h
configure:13404: result: yes
configure:13414: checking for GNU libc compatible malloc
configure:13438: gcc -o conftest -g -O2   conftest.c  >&5
configure:13438: $? = 0
configure:13438: ./conftest
configure:13438: $? = 0
configure:13448: result: yes
configure:13469: checking for working memcmp
configure:13512: gcc -o conftest -g -O2   conftest.c  >&5
configure:13512: $? = 0
configure:13512: ./conftest
configure:13512: $? = 0
configure:13522: result: yes
configure:13534: checking for atexit
configure:13534: gcc -o conftest -g -O2   conftest.c  >&5
configure:13534: $? = 0
configure:13534: result: yes
configure:13534: checking for getcwd
configure:13534: gcc -o conftest -g -O2   conftest.c  >&5
configure:13534: $? = 0
configure:13534: result: yes
configure:13534: checking for memmove
configure:13534: gcc -o conftest -g -O2   conftest.c  >&5
conftest.c:60: warning: conflicting types for built-in function 'memmove'
configure:13534: $? = 0
configure:13534: result: yes
configure:13534: checking for memset
configure:13534: gcc -o conftest -g -O2   conftest.c  >&5
conftest.c:61: warning: conflicting types for built-in function 'memset'
configure:13534: $? = 0
configure:13534: result: yes
configure:13534: checking for strcasecmp
configure:13534: gcc -o conftest -g -O2   conftest.c  >&5
conftest.c:62: warning: conflicting types for built-in function 'strcasecmp'
configure:13534: $? = 0
configure:13534: result: yes
configure:13534: checking for strchr
configure:13534: gcc -o conftest -g -O2   conftest.c  >&5
conftest.c:63: warning: conflicting types for built-in function 'strchr'
configure:13534: $? = 0
configure:13534: result: yes
configure:13534: checking for strdup
configure:13534: gcc -o conftest -g -O2   conftest.c  >&5
conftest.c:64: warning: conflicting types for built-in function 'strdup'
configure:13534: $? = 0
configure:13534: result: yes
configure:13534: checking for strerror
configure:13534: gcc -o conftest -g -O2   conftest.c  >&5
configure:13534: $? = 0
configure:13534: result: yes
configure:13534: checking for strncasecmp
configure:13534: gcc -o conftest -g -O2   conftest.c  >&5
conftest.c:66: warning: conflicting types for built-in function 'strncasecmp'
configure:13534: $? = 0
configure:13534: result: yes
configure:13534: checking for strrchr
configure:13534: gcc -o conftest -g -O2   conftest.c  >&5
conftest.c:67: warning: conflicting types for built-in function 'strrchr'
configure:13534: $? = 0
configure:13534: result: yes
configure:13534: checking for strstr
configure:13534: gcc -o conftest -g -O2   conftest.c  >&5
conftest.c:68: warning: conflicting types for built-in function 'strstr'
configure:13534: $? = 0
configure:13534: result: yes
configure:13534: checking for strtol
configure:13534: gcc -o conftest -g -O2   conftest.c  >&5
configure:13534: $? = 0
configure:13534: result: yes
configure:13534: checking for fchmod
configure:13534: gcc -o conftest -g -O2   conftest.c  >&5
configure:13534: $? = 0
configure:13534: result: yes
configure:13534: checking for strcasestr
configure:13534: gcc -o conftest -g -O2   conftest.c  >&5
configure:13534: $? = 0
configure:13534: result: yes
configure:13822: checking for libcurl config script
configure:13852: result: /usr/bin/curl-config
configure:13864: checking if libcurl is at least v
configure:13869: result: yes, 7.19.7
configure:13883: checking if libcurl is linked with gnutls
configure:13893: result: no
configure:13917: using curl v7.19.7
configure:14292: looking for Apache module support via DSO through APXS
configure:14333: found apxs at /usr/sbin/apxs
configure:14335: checking httpd version
configure:14347: httpd is recent enough
configure:14489: checking for libpcre config script
configure:14525: result: /home/humphery/thirdparty/pcre-8.36/bin/pcre-config
configure:14557: using pcre v8.37
configure:14573: checking for libapr config script
configure:14603: result: /home/humphery/thirdparty/apr/bin/apr-1-config
configure:14645: using apr v1.5.2
configure:14660: checking for libapu config script
configure:14690: result: /home/humphery/thirdparty/apr-util/bin/apu-1-config
configure:14729: using apu v1.5.4
configure:14745: checking for libxml2 config script
configure:14775: result: /usr/bin/xml2-config
configure:14787: checking if libxml2 is at least v2.6.29
configure:14792: result: yes, 2.7.6
configure:14817: using libxml2 v2.7.6
configure:14876: checking for pkg-config
configure:14894: found /usr/bin/pkg-config
configure:14906: result: /usr/bin/pkg-config
configure:14931: checking pkg-config is at least version 0.9.0
configure:14934: result: yes
configure:14975: checking for liblua config script
configure:15011: result: /usr/bin/pkg-config
configure:15140: using lua v5.1.3
configure:15184: checking for libyajl config script
configure:15234: result: no
configure:15237: checking for yajl install
configure:15280: result: /home/humphery/thirdparty/yajl/lib/ /home/humphery/thirdparty/yajl/include
configure:15305: using yajl v2
configure:15337: checking for ssdeep path
configure:15364: result: no
configure:15368: optional ssdeep library not found
configure:15405: gcc -c -g -O2  -I/home/humphery/thirdparty/apr/include/apr-1    -DLINUX -D_REENTRANT -D_GNU_SOURCE conftest.c >&5
conftest.c:49:24: error: apr_crypto.h: No such file or directory
conftest.c:55:12: error: #error APR util was not compiled with crypto support.
configure:15405: $? = 1
configure: failed program was:
| /* confdefs.h */
| #define PACKAGE_NAME "modsecurity"
| #define PACKAGE_TARNAME "modsecurity"
| #define PACKAGE_VERSION "2.9"
| #define PACKAGE_STRING "modsecurity 2.9"
| #define PACKAGE_BUGREPORT "support@modsecurity.org"
| #define PACKAGE_URL ""
| #define PACKAGE "modsecurity"
| #define VERSION "2.9"
| #define STDC_HEADERS 1
| #define HAVE_SYS_TYPES_H 1
| #define HAVE_SYS_STAT_H 1
| #define HAVE_STDLIB_H 1
| #define HAVE_STRING_H 1
| #define HAVE_MEMORY_H 1
| #define HAVE_STRINGS_H 1
| #define HAVE_INTTYPES_H 1
| #define HAVE_STDINT_H 1
| #define HAVE_UNISTD_H 1
| #define HAVE_DLFCN_H 1
| #define LT_OBJDIR ".libs/"
| #define STDC_HEADERS 1
| #define HAVE_FCNTL_H 1
| #define HAVE_LIMITS_H 1
| #define HAVE_STDLIB_H 1
| #define HAVE_STRING_H 1
| #define HAVE_UNISTD_H 1
| #define HAVE_SYS_TYPES_H 1
| #define HAVE_SYS_STAT_H 1
| #define HAVE_SYS_UTSNAME_H 1
| #define restrict __restrict
| #define HAVE_STDLIB_H 1
| #define HAVE_MALLOC 1
| #define HAVE_ATEXIT 1
| #define HAVE_GETCWD 1
| #define HAVE_MEMMOVE 1
| #define HAVE_MEMSET 1
| #define HAVE_STRCASECMP 1
| #define HAVE_STRCHR 1
| #define HAVE_STRDUP 1
| #define HAVE_STRERROR 1
| #define HAVE_STRNCASECMP 1
| #define HAVE_STRRCHR 1
| #define HAVE_STRSTR 1
| #define HAVE_STRTOL 1
| #define HAVE_FCHMOD 1
| #define HAVE_STRCASESTR 1
| /* end confdefs.h.  */
| #include <apr_crypto.h>
| int
| main ()
| {
| 
|           #if APU_HAVE_CRYPTO == 0
|           #error APR util was not compiled with crypto support.
|           #endif
| 
|   ;
|   return 0;
| }
configure:15412: WARNING: APR util was not compiled with crypto support. SecRemoteRule will not support the parameter 'crypto'
configure:15596: checking that generated files are newer than configure
configure:15602: result: done
configure:15689: creating ./config.status

## ---------------------- ##
## Running config.status. ##
## ---------------------- ##

This file was extended by modsecurity config.status 2.9, which was
generated by GNU Autoconf 2.69.  Invocation command line was

  CONFIG_FILES    = 
  CONFIG_HEADERS  = 
  CONFIG_LINKS    = 
  CONFIG_COMMANDS = 
  $ ./config.status 

on h5213

config.status:1236: creating Makefile
config.status:1236: creating tools/Makefile
config.status:1236: creating apache2/Makefile
config.status:1236: creating standalone/Makefile
config.status:1236: creating nginx/modsecurity/config
config.status:1236: creating build/apxs-wrapper
config.status:1236: creating tests/run-unit-tests.pl
config.status:1236: creating tests/run-regression-tests.pl
config.status:1236: creating tests/gen_rx-pm.pl
config.status:1236: creating tests/csv_rx-pm.pl
config.status:1236: creating tests/regression/server_root/conf/httpd.conf
config.status:1236: creating tools/rules-updater.pl
config.status:1236: creating tests/Makefile
config.status:1236: creating apache2/modsecurity_config_auto.h
config.status:1417: apache2/modsecurity_config_auto.h is unchanged
config.status:1465: executing depfiles commands
config.status:1465: executing libtool commands

## ---------------- ##
## Cache variables. ##
## ---------------- ##

ac_cv_build=x86_64-unknown-linux-gnu
ac_cv_c_compiler_gnu=yes
ac_cv_c_const=yes
ac_cv_c_inline=inline
ac_cv_c_restrict=__restrict
ac_cv_c_uint8_t=yes
ac_cv_env_CC_set=
ac_cv_env_CC_value=
ac_cv_env_CFLAGS_set=
ac_cv_env_CFLAGS_value=
ac_cv_env_CPPFLAGS_set=
ac_cv_env_CPPFLAGS_value=
ac_cv_env_CPP_set=
ac_cv_env_CPP_value=
ac_cv_env_LDFLAGS_set=
ac_cv_env_LDFLAGS_value=
ac_cv_env_LIBS_set=
ac_cv_env_LIBS_value=
ac_cv_env_PKG_CONFIG_LIBDIR_set=
ac_cv_env_PKG_CONFIG_LIBDIR_value=
ac_cv_env_PKG_CONFIG_PATH_set=
ac_cv_env_PKG_CONFIG_PATH_value=
ac_cv_env_PKG_CONFIG_set=
ac_cv_env_PKG_CONFIG_value=
ac_cv_env_build_alias_set=
ac_cv_env_build_alias_value=
ac_cv_env_host_alias_set=
ac_cv_env_host_alias_value=
ac_cv_env_target_alias_set=
ac_cv_env_target_alias_value=
ac_cv_func_atexit=yes
ac_cv_func_dlopen=no
ac_cv_func_fchmod=yes
ac_cv_func_getcwd=yes
ac_cv_func_malloc_0_nonnull=yes
ac_cv_func_memcmp_working=yes
ac_cv_func_memmove=yes
ac_cv_func_memset=yes
ac_cv_func_shl_load=no
ac_cv_func_strcasecmp=yes
ac_cv_func_strcasestr=yes
ac_cv_func_strchr=yes
ac_cv_func_strdup=yes
ac_cv_func_strerror=yes
ac_cv_func_strncasecmp=yes
ac_cv_func_strrchr=yes
ac_cv_func_strstr=yes
ac_cv_func_strtol=yes
ac_cv_header_dlfcn_h=yes
ac_cv_header_fcntl_h=yes
ac_cv_header_inttypes_h=yes
ac_cv_header_limits_h=yes
ac_cv_header_memory_h=yes
ac_cv_header_stdc=yes
ac_cv_header_stdint_h=yes
ac_cv_header_stdlib_h=yes
ac_cv_header_string_h=yes
ac_cv_header_strings_h=yes
ac_cv_header_sys_stat_h=yes
ac_cv_header_sys_types_h=yes
ac_cv_header_sys_utsname_h=yes
ac_cv_header_unistd_h=yes
ac_cv_host=x86_64-unknown-linux-gnu
ac_cv_lib_dl_dlopen=yes
ac_cv_lib_dld_shl_load=no
ac_cv_objext=o
ac_cv_path_EGREP='/bin/grep -E'
ac_cv_path_ENV_CMD=/bin/env
ac_cv_path_FGREP='/bin/grep -F'
ac_cv_path_GREP=/bin/grep
ac_cv_path_PERL=/usr/bin/perl
ac_cv_path_SED=/bin/sed
ac_cv_path_ac_pt_PKG_CONFIG=/usr/bin/pkg-config
ac_cv_path_install='/usr/bin/install -c'
ac_cv_path_mkdir=/bin/mkdir
ac_cv_prog_AWK=gawk
ac_cv_prog_CPP='gcc -E'
ac_cv_prog_ac_ct_AR=ar
ac_cv_prog_ac_ct_CC=gcc
ac_cv_prog_ac_ct_OBJDUMP=objdump
ac_cv_prog_ac_ct_RANLIB=ranlib
ac_cv_prog_ac_ct_STRIP=strip
ac_cv_prog_cc_c89=
ac_cv_prog_cc_g=yes
ac_cv_prog_make_make_set=yes
ac_cv_struct_tm=time.h
ac_cv_type_pid_t=yes
ac_cv_type_size_t=yes
am_cv_CC_dependencies_compiler_type=gcc3
am_cv_ar_interface=ar
am_cv_make_support_nested_variables=yes
am_cv_prog_cc_c_o=yes
lt_cv_ar_at_file=@
lt_cv_archive_cmds_need_lc=no
lt_cv_deplibs_check_method=pass_all
lt_cv_dlopen=dlopen
lt_cv_dlopen_libs=-ldl
lt_cv_dlopen_self=yes
lt_cv_dlopen_self_static=yes
lt_cv_file_magic_cmd='$MAGIC_CMD'
lt_cv_file_magic_test_file=
lt_cv_ld_reload_flag=-r
lt_cv_nm_interface='BSD nm'
lt_cv_objdir=.libs
lt_cv_path_LD=/usr/bin/ld
lt_cv_path_NM='/usr/bin/nm -B'
lt_cv_path_mainfest_tool=no
lt_cv_prog_compiler_c_o=yes
lt_cv_prog_compiler_pic='-fPIC -DPIC'
lt_cv_prog_compiler_pic_works=yes
lt_cv_prog_compiler_rtti_exceptions=no
lt_cv_prog_compiler_static_works=no
lt_cv_prog_gnu_ld=yes
lt_cv_sharedlib_from_linklib_cmd='printf %s\n'
lt_cv_shlibpath_overrides_runpath=no
lt_cv_sys_global_symbol_pipe='sed -n -e '\''s/^.*[	 ]\([ABCDGIRSTW][ABCDGIRSTW]*\)[	 ][	 ]*\([_A-Za-z][_A-Za-z0-9]*\)$/\1 \2 \2/p'\'' | sed '\''/ __gnu_lto/d'\'''
lt_cv_sys_global_symbol_to_c_name_address='sed -n -e '\''s/^: \([^ ]*\)[ ]*$/  {\"\1\", (void *) 0},/p'\'' -e '\''s/^[ABCDGIRSTW]* \([^ ]*\) \([^ ]*\)$/  {"\2", (void *) \&\2},/p'\'''
lt_cv_sys_global_symbol_to_c_name_address_lib_prefix='sed -n -e '\''s/^: \([^ ]*\)[ ]*$/  {\"\1\", (void *) 0},/p'\'' -e '\''s/^[ABCDGIRSTW]* \([^ ]*\) \(lib[^ ]*\)$/  {"\2", (void *) \&\2},/p'\'' -e '\''s/^[ABCDGIRSTW]* \([^ ]*\) \([^ ]*\)$/  {"lib\2", (void *) \&\2},/p'\'''
lt_cv_sys_global_symbol_to_cdecl='sed -n -e '\''s/^T .* \(.*\)$/extern int \1();/p'\'' -e '\''s/^[ABCDGIRSTW]* .* \(.*\)$/extern char \1;/p'\'''
lt_cv_sys_max_cmd_len=1966080
lt_cv_to_host_file_cmd=func_convert_file_noop
lt_cv_to_tool_file_cmd=func_convert_file_noop

## ----------------- ##
## Output variables. ##
## ----------------- ##

ACLOCAL='${SHELL} /home/humphery/mqtt-broker/modules/modsecurity-2.9.1/build/missing aclocal-1.14'
AIX_FALSE=''
AIX_TRUE='#'
AMDEPBACKSLASH='\'
AMDEP_FALSE='#'
AMDEP_TRUE=''
AMTAR='$${TAR-tar}'
AM_BACKSLASH='\'
AM_DEFAULT_V='$(AM_DEFAULT_VERBOSITY)'
AM_DEFAULT_VERBOSITY='1'
AM_V='$(V)'
APR_CFLAGS=' -I/home/humphery/thirdparty/apr/include/apr-1 '
APR_CONFIG='/home/humphery/thirdparty/apr/bin/apr-1-config'
APR_CPPFLAGS=' -DLINUX -D_REENTRANT -D_GNU_SOURCE'
APR_INCLUDEDIR='/home/humphery/thirdparty/apr/include/apr-1'
APR_LDADD=' /home/humphery/thirdparty/apr/lib/libapr-1.la'
APR_LDFLAGS=' -luuid -lrt -lcrypt  -lpthread'
APR_LINKLD=' -L/home/humphery/thirdparty/apr/lib -lapr-1'
APR_VERSION='1.5.2'
APU_CFLAGS=' -I/home/humphery/thirdparty/apr-util/include/apr-1 '
APU_CONFIG='/home/humphery/thirdparty/apr-util/bin/apu-1-config'
APU_INCLUDEDIR='/home/humphery/thirdparty/apr-util/include/apr-1'
APU_LDADD=' /home/humphery/thirdparty/apr-util/lib/libaprutil-1.la'
APU_LDFLAGS='       -lexpat -liconv'
APU_LINKLD=' -L/home/humphery/thirdparty/apr-util/lib -laprutil-1'
APU_VERSION='1.5.4'
APXS='/usr/sbin/apxs'
APXS_BINDIR='/usr/bin'
APXS_CC='gcc'
APXS_CFLAGS='-I/usr/include/httpd'
APXS_EXTRA_CFLAGS=' -Wc,-O2 -Wc,-g -Wc,-Wall'
APXS_HTTPD='/usr/sbin/httpd'
APXS_INCLUDEDIR='/usr/include/httpd'
APXS_INCLUDES='-I/usr/include/httpd  -I/usr/include/httpd -I. -I/usr/include/apr-1'
APXS_LDFLAGS=''
APXS_LIBDIR='/usr/lib64'
APXS_LIBEXECDIR='/usr/lib64/httpd/modules'
APXS_LIBS='-L/usr/lib64  -lm -lpcre'
APXS_LIBTOOL='/usr/lib64/apr-1/build/libtool --silent'
APXS_MODULES='/usr/lib64/httpd/modules'
APXS_PROGNAME='httpd'
APXS_SBINDIR='/usr/sbin'
APXS_WRAPPER='build/apxs-wrapper'
AR='ar'
AUTOCONF='${SHELL} /home/humphery/mqtt-broker/modules/modsecurity-2.9.1/build/missing autoconf'
AUTOHEADER='${SHELL} /home/humphery/mqtt-broker/modules/modsecurity-2.9.1/build/missing autoheader'
AUTOMAKE='${SHELL} /home/humphery/mqtt-broker/modules/modsecurity-2.9.1/build/missing automake-1.14'
AWK='gawk'
BUILD_ALP2_FALSE=''
BUILD_ALP2_TRUE='#'
BUILD_APACHE2_MODULE_FALSE='#'
BUILD_APACHE2_MODULE_TRUE=''
BUILD_DOCS_FALSE=''
BUILD_DOCS_TRUE='#'
BUILD_MLOGC_FALSE=''
BUILD_MLOGC_TRUE='#'
BUILD_STANDALONE_MODULE_FALSE='#'
BUILD_STANDALONE_MODULE_TRUE=''
BUILD_extentions_FALSE=''
BUILD_extentions_TRUE='#'
CC='gcc'
CCDEPMODE='depmode=gcc3'
CFLAGS='-g -O2  -I/home/humphery/thirdparty/apr-util/include/apr-1 '
CPP='gcc -E'
CPPFLAGS=''
CURL_CFLAGS=' -DWITH_CURL'
CURL_CONFIG='/usr/bin/curl-config'
CURL_CPPFLAGS=''
CURL_LDADD='-lcurl  '
CURL_LDFLAGS=''
CURL_USES_GNUTLS='no'
CURL_VERSION='7.19.7'
CYGPATH_W='echo'
DEFS='-DHAVE_CONFIG_H'
DEPDIR='.deps'
DLLTOOL='false'
DSYMUTIL=''
DUMPBIN=''
ECHO_C=''
ECHO_N='-n'
ECHO_T=''
EGREP='/bin/grep -E'
ENV_CMD='/bin/env'
EXEEXT=''
EXTRA_CFLAGS='-O2 -g -Wall '
FGREP='/bin/grep -F'
FREEBSD_FALSE=''
FREEBSD_TRUE='#'
GREP='/bin/grep'
HPUX_FALSE=''
HPUX_TRUE='#'
INSTALL_DATA='${INSTALL} -m 644'
INSTALL_PROGRAM='${INSTALL}'
INSTALL_SCRIPT='${INSTALL}'
INSTALL_STRIP_PROGRAM='$(install_sh) -c -s'
LD='/usr/bin/ld -m elf_x86_64'
LDFLAGS=''
LIBOBJS=''
LIBS=''
LIBTOOL='$(SHELL) $(top_builddir)/libtool'
LIBXML2_CFLAGS='-I/usr/include/libxml2'
LIBXML2_CONFIG='/usr/bin/xml2-config'
LIBXML2_CPPFLAGS=''
LIBXML2_LDADD='-lxml2 -lz -lm'
LIBXML2_LDFLAGS=''
LIBXML2_VERSION='2.7.6'
LINUX390_FALSE=''
LINUX390_TRUE='#'
LINUX_FALSE='#'
LINUX_TRUE=''
LIPO=''
LN_S='ln -s'
LTLIBOBJS=''
LUA_CFLAGS='-DWITH_LUA  '
LUA_LDADD='-llua -lm -ldl  '
LUA_LDFLAGS=' '
MACOSX_FALSE=''
MACOSX_TRUE='#'
MAKEINFO='${SHELL} /home/humphery/mqtt-broker/modules/modsecurity-2.9.1/build/missing makeinfo'
MANIFEST_TOOL=':'
MKDIR_P='/bin/mkdir -p'
MODSEC_APXS_EXTRA_CFLAGS=' -Wc,-DWITH_PCRE_STUDY -Wc,-DMODSEC_PCRE_MATCH_LIMIT=1500 -Wc,-DMODSEC_PCRE_MATCH_LIMIT_RECURSION=1500 -Wc,-DWITH_PCRE_JIT -Wc,-DREQUEST_EARLY'
MODSEC_EXTRA_CFLAGS='-DWITH_PCRE_STUDY -DMODSEC_PCRE_MATCH_LIMIT=1500 -DMODSEC_PCRE_MATCH_LIMIT_RECURSION=1500 -DWITH_PCRE_JIT -DREQUEST_EARLY          -DWITH_REMOTE_RULES'
MSC_BASE_DIR='/home/humphery/mqtt-broker/modules/modsecurity-2.9.1'
MSC_PKGBASE_DIR='/home/humphery/mqtt-broker/modules/modsecurity-2.9.1/..'
MSC_REGRESSION_CONF_DIR='/home/humphery/mqtt-broker/modules/modsecurity-2.9.1/tests/regression/server_root/conf'
MSC_REGRESSION_DIR='/home/humphery/mqtt-broker/modules/modsecurity-2.9.1/tests/regression'
MSC_REGRESSION_DOCROOT_DIR='/home/humphery/mqtt-broker/modules/modsecurity-2.9.1/tests/regression/server_root/htdocs'
MSC_REGRESSION_LOGS_DIR='/home/humphery/mqtt-broker/modules/modsecurity-2.9.1/tests/regression/server_root/logs'
MSC_REGRESSION_SERVERROOT_DIR='/home/humphery/mqtt-broker/modules/modsecurity-2.9.1/tests/regression/server_root'
MSC_TEST_DIR='/home/humphery/mqtt-broker/modules/modsecurity-2.9.1/tests'
NETBSD_FALSE=''
NETBSD_TRUE='#'
NM='/usr/bin/nm -B'
NMEDIT=''
OBJDUMP='objdump'
OBJEXT='o'
OPENBSD_FALSE=''
OPENBSD_TRUE='#'
OTOOL64=''
OTOOL=''
PACKAGE='modsecurity'
PACKAGE_BUGREPORT='support@modsecurity.org'
PACKAGE_NAME='modsecurity'
PACKAGE_STRING='modsecurity 2.9'
PACKAGE_TARNAME='modsecurity'
PACKAGE_URL=''
PACKAGE_VERSION='2.9'
PATH_SEPARATOR=':'
PCRE_CFLAGS='-I/home/humphery/thirdparty/pcre-8.36/include'
PCRE_CONFIG='/home/humphery/thirdparty/pcre-8.36/bin/pcre-config'
PCRE_CPPFLAGS=''
PCRE_LDADD='-L/home/humphery/thirdparty/pcre-8.36/lib -lpcre'
PCRE_LDFLAGS=''
PCRE_LD_PATH='/home/humphery/thirdparty/pcre-8.36/lib'
PCRE_VERSION='8.37'
PERL='/usr/bin/perl'
PKG_CONFIG='/usr/bin/pkg-config'
PKG_CONFIG_LIBDIR=''
PKG_CONFIG_PATH=''
RANLIB='ranlib'
SED='/bin/sed'
SET_MAKE=''
SHELL='/bin/sh'
SOLARIS_FALSE=''
SOLARIS_TRUE='#'
SSDEEP_CFLAGS=''
SSDEEP_LDADD=''
SSDEEP_LDFLAGS=''
STRIP='strip'
TOPLEVEL_SUBDIRS='tools apache2 standalone'
VERSION='2.9'
YAJL_CFLAGS='-DWITH_YAJL -I/home/humphery/thirdparty/yajl/include'
YAJL_LDADD='-lyajl'
YAJL_LDFLAGS='-L/home/humphery/thirdparty/yajl/lib/'
YAJL_LIBS='-lyajl'
ac_ct_AR='ar'
ac_ct_CC='gcc'
ac_ct_DUMPBIN=''
am__EXEEXT_FALSE=''
am__EXEEXT_TRUE='#'
am__fastdepCC_FALSE='#'
am__fastdepCC_TRUE=''
am__include='include'
am__isrc=''
am__leading_dot='.'
am__nodep='_no'
am__quote=''
am__tar='$${TAR-tar} chof - "$$tardir"'
am__untar='$${TAR-tar} xf -'
bindir='${exec_prefix}/bin'
build='x86_64-unknown-linux-gnu'
build_alias=''
build_cpu='x86_64'
build_os='linux-gnu'
build_vendor='unknown'
datadir='${datarootdir}'
datarootdir='${prefix}/share'
docdir='${datarootdir}/doc/${PACKAGE_TARNAME}'
dvidir='${docdir}'
exec_prefix='${prefix}'
host='x86_64-unknown-linux-gnu'
host_alias=''
host_cpu='x86_64'
host_os='linux-gnu'
host_vendor='unknown'
htmldir='${docdir}'
includedir='${prefix}/include'
infodir='${datarootdir}/info'
install_sh='${SHELL} /home/humphery/mqtt-broker/modules/modsecurity-2.9.1/build/install-sh'
libdir='${exec_prefix}/lib'
libexecdir='${exec_prefix}/libexec'
localedir='${datarootdir}/locale'
localstatedir='${prefix}/var'
mandir='${datarootdir}/man'
mkdir_p='$(MKDIR_P)'
oldincludedir='/usr/include'
pdfdir='${docdir}'
prefix='/usr/local/modsecurity'
program_transform_name='s,x,x,'
psdir='${docdir}'
sbindir='${exec_prefix}/sbin'
sharedstatedir='${prefix}/com'
sysconfdir='${prefix}/etc'
target_alias=''

## ----------- ##
## confdefs.h. ##
## ----------- ##

/* confdefs.h */
#define PACKAGE_NAME "modsecurity"
#define PACKAGE_TARNAME "modsecurity"
#define PACKAGE_VERSION "2.9"
#define PACKAGE_STRING "modsecurity 2.9"
#define PACKAGE_BUGREPORT "support@modsecurity.org"
#define PACKAGE_URL ""
#define PACKAGE "modsecurity"
#define VERSION "2.9"
#define STDC_HEADERS 1
#define HAVE_SYS_TYPES_H 1
#define HAVE_SYS_STAT_H 1
#define HAVE_STDLIB_H 1
#define HAVE_STRING_H 1
#define HAVE_MEMORY_H 1
#define HAVE_STRINGS_H 1
#define HAVE_INTTYPES_H 1
#define HAVE_STDINT_H 1
#define HAVE_UNISTD_H 1
#define HAVE_DLFCN_H 1
#define LT_OBJDIR ".libs/"
#define STDC_HEADERS 1
#define HAVE_FCNTL_H 1
#define HAVE_LIMITS_H 1
#define HAVE_STDLIB_H 1
#define HAVE_STRING_H 1
#define HAVE_UNISTD_H 1
#define HAVE_SYS_TYPES_H 1
#define HAVE_SYS_STAT_H 1
#define HAVE_SYS_UTSNAME_H 1
#define restrict __restrict
#define HAVE_STDLIB_H 1
#define HAVE_MALLOC 1
#define HAVE_ATEXIT 1
#define HAVE_GETCWD 1
#define HAVE_MEMMOVE 1
#define HAVE_MEMSET 1
#define HAVE_STRCASECMP 1
#define HAVE_STRCHR 1
#define HAVE_STRDUP 1
#define HAVE_STRERROR 1
#define HAVE_STRNCASECMP 1
#define HAVE_STRRCHR 1
#define HAVE_STRSTR 1
#define HAVE_STRTOL 1
#define HAVE_FCHMOD 1
#define HAVE_STRCASESTR 1
#define WITH_REMOTE_RULES 1

configure: exit 0
